[   22934ms] [INFO] [dm-e2ee-bootstrap-client] ensure:start {allowRepair: true, forcePublish: false, publishAttempt: initial, userIdPresent: true} @ https://chat-bwc1.vercel.app/_next/static/chunks/0dgtneaoqk~fg.js?dpl=dpl_CkYWF2QnUU6KnycbDt6Xcm7YXTyt:0
[   22941ms] [INFO] [dm-e2ee-bootstrap-client] local-record:loaded {hasServerDeviceRecordId: false, oneTimePrekeyCount: 12, usable: true} @ https://chat-bwc1.vercel.app/_next/static/chunks/0dgtneaoqk~fg.js?dpl=dpl_CkYWF2QnUU6KnycbDt6Xcm7YXTyt:0
[   25416ms] [ERROR] Failed to load resource: the server responded with a status of 400 () @ https://chat-bwc1.vercel.app/api/messaging/dm-e2ee/device:0
[   25416ms] [INFO] [dm-e2ee-bootstrap-client] publish:error {errorCode: dm_e2ee_local_state_incomplete, errorMessage: Unable to refresh encrypted setup on this device., exact400ReasonCode: publish failed, failedValidationBranch: publish failed, exactFailurePoint: retire other devices} @ https://chat-bwc1.vercel.app/_next/static/chunks/0dgtneaoqk~fg.js?dpl=dpl_CkYWF2QnUU6KnycbDt6Xcm7YXTyt:0
[   25417ms] [INFO] [dm-e2ee-bootstrap-client] local-record:repair:start {exact400ReasonCode: publish failed, failedValidationBranch: publish failed, exactFailurePoint: retire other devices, reason: server-reported-local-state-incomplete} @ https://chat-bwc1.vercel.app/_next/static/chunks/0dgtneaoqk~fg.js?dpl=dpl_CkYWF2QnUU6KnycbDt6Xcm7YXTyt:0
[   25418ms] [INFO] [dm-e2ee-bootstrap-client] local-record:repair:retry {exact400ReasonCode: publish failed, failedValidationBranch: failed republish, allowRepair: false, forcePublish: true, publishAttempt: repair-republish} @ https://chat-bwc1.vercel.app/_next/static/chunks/0dgtneaoqk~fg.js?dpl=dpl_CkYWF2QnUU6KnycbDt6Xcm7YXTyt:0
[   25418ms] [INFO] [dm-e2ee-bootstrap-client] ensure:start {allowRepair: false, forcePublish: true, publishAttempt: repair-republish, userIdPresent: true} @ https://chat-bwc1.vercel.app/_next/static/chunks/0dgtneaoqk~fg.js?dpl=dpl_CkYWF2QnUU6KnycbDt6Xcm7YXTyt:0
[   25422ms] [INFO] [dm-e2ee-bootstrap-client] local-record:loaded {hasServerDeviceRecordId: false, oneTimePrekeyCount: 12, usable: true} @ https://chat-bwc1.vercel.app/_next/static/chunks/0dgtneaoqk~fg.js?dpl=dpl_CkYWF2QnUU6KnycbDt6Xcm7YXTyt:0
[   27333ms] [ERROR] Failed to load resource: the server responded with a status of 400 () @ https://chat-bwc1.vercel.app/api/messaging/dm-e2ee/device:0
[   27333ms] [INFO] [dm-e2ee-bootstrap-client] publish:error {errorCode: dm_e2ee_local_state_incomplete, errorMessage: Unable to refresh encrypted setup on this device., exact400ReasonCode: publish failed, failedValidationBranch: failed republish, exactFailurePoint: retire other devices} @ https://chat-bwc1.vercel.app/_next/static/chunks/0dgtneaoqk~fg.js?dpl=dpl_CkYWF2QnUU6KnycbDt6Xcm7YXTyt:0
[   27333ms] [INFO] [dm-e2ee-bootstrap-client] local-record:repair:failed {errorCode: dm_e2ee_local_state_incomplete, errorMessage: Unable to refresh encrypted setup on this device., exact400ReasonCode: publish failed, failedValidationBranch: failed republish, exactFailurePoint: retire other devices} @ https://chat-bwc1.vercel.app/_next/static/chunks/0dgtneaoqk~fg.js?dpl=dpl_CkYWF2QnUU6KnycbDt6Xcm7YXTyt:0
[   27333ms] [ERROR] DM E2EE boundary step failed. Error: Unable to refresh encrypted setup on this device.
    at n (https://chat-bwc1.vercel.app/_next/static/chunks/0dgtneaoqk~fg.js?dpl=dpl_CkYWF2QnUU6KnycbDt6Xcm7YXTyt:1:32803)
    at g (https://chat-bwc1.vercel.app/_next/static/chunks/0dgtneaoqk~fg.js?dpl=dpl_CkYWF2QnUU6KnycbDt6Xcm7YXTyt:1:38056)
    at async https://chat-bwc1.vercel.app/_next/static/chunks/0d8ue8gyos121.js?dpl=dpl_CkYWF2QnUU6KnycbDt6Xcm7YXTyt:1:515 @ https://chat-bwc1.vercel.app/_next/static/chunks/0d8ue8gyos121.js?dpl=dpl_CkYWF2QnUU6KnycbDt6Xcm7YXTyt:0
[  116321ms] [INFO] [dm-e2ee-bootstrap-client] ensure:start {allowRepair: true, forcePublish: false, publishAttempt: initial, userIdPresent: true} @ https://chat-bwc1.vercel.app/_next/static/chunks/0dgtneaoqk~fg.js?dpl=dpl_CkYWF2QnUU6KnycbDt6Xcm7YXTyt:0
[  116323ms] [INFO] [dm-e2ee-bootstrap-client] local-record:loaded {hasServerDeviceRecordId: false, oneTimePrekeyCount: 12, usable: true} @ https://chat-bwc1.vercel.app/_next/static/chunks/0dgtneaoqk~fg.js?dpl=dpl_CkYWF2QnUU6KnycbDt6Xcm7YXTyt:0
[  118367ms] [ERROR] Failed to load resource: the server responded with a status of 400 () @ https://chat-bwc1.vercel.app/api/messaging/dm-e2ee/device:0
[  118367ms] [INFO] [dm-e2ee-bootstrap-client] publish:error {errorCode: dm_e2ee_local_state_incomplete, errorMessage: Unable to refresh encrypted setup on this device., exact400ReasonCode: publish failed, failedValidationBranch: publish failed, exactFailurePoint: retire other devices} @ https://chat-bwc1.vercel.app/_next/static/chunks/0dgtneaoqk~fg.js?dpl=dpl_CkYWF2QnUU6KnycbDt6Xcm7YXTyt:0
[  118368ms] [INFO] [dm-e2ee-bootstrap-client] local-record:repair:start {exact400ReasonCode: publish failed, failedValidationBranch: publish failed, exactFailurePoint: retire other devices, reason: server-reported-local-state-incomplete} @ https://chat-bwc1.vercel.app/_next/static/chunks/0dgtneaoqk~fg.js?dpl=dpl_CkYWF2QnUU6KnycbDt6Xcm7YXTyt:0
[  118369ms] [INFO] [dm-e2ee-bootstrap-client] local-record:repair:retry {exact400ReasonCode: publish failed, failedValidationBranch: failed republish, allowRepair: false, forcePublish: true, publishAttempt: repair-republish} @ https://chat-bwc1.vercel.app/_next/static/chunks/0dgtneaoqk~fg.js?dpl=dpl_CkYWF2QnUU6KnycbDt6Xcm7YXTyt:0
[  118369ms] [INFO] [dm-e2ee-bootstrap-client] ensure:start {allowRepair: false, forcePublish: true, publishAttempt: repair-republish, userIdPresent: true} @ https://chat-bwc1.vercel.app/_next/static/chunks/0dgtneaoqk~fg.js?dpl=dpl_CkYWF2QnUU6KnycbDt6Xcm7YXTyt:0
[  118373ms] [INFO] [dm-e2ee-bootstrap-client] local-record:loaded {hasServerDeviceRecordId: false, oneTimePrekeyCount: 12, usable: true} @ https://chat-bwc1.vercel.app/_next/static/chunks/0dgtneaoqk~fg.js?dpl=dpl_CkYWF2QnUU6KnycbDt6Xcm7YXTyt:0
[  119902ms] [ERROR] Failed to load resource: the server responded with a status of 400 () @ https://chat-bwc1.vercel.app/api/messaging/dm-e2ee/device:0
[  119903ms] [INFO] [dm-e2ee-bootstrap-client] publish:error {errorCode: dm_e2ee_local_state_incomplete, errorMessage: Unable to refresh encrypted setup on this device., exact400ReasonCode: publish failed, failedValidationBranch: failed republish, exactFailurePoint: retire other devices} @ https://chat-bwc1.vercel.app/_next/static/chunks/0dgtneaoqk~fg.js?dpl=dpl_CkYWF2QnUU6KnycbDt6Xcm7YXTyt:0
[  119904ms] [INFO] [dm-e2ee-bootstrap-client] local-record:repair:failed {errorCode: dm_e2ee_local_state_incomplete, errorMessage: Unable to refresh encrypted setup on this device., exact400ReasonCode: publish failed, failedValidationBranch: failed republish, exactFailurePoint: retire other devices} @ https://chat-bwc1.vercel.app/_next/static/chunks/0dgtneaoqk~fg.js?dpl=dpl_CkYWF2QnUU6KnycbDt6Xcm7YXTyt:0
[  219491ms] [INFO] [dm-e2ee-lifecycle] hard-reset:start {userIdPresent: true} @ https://chat-bwc1.vercel.app/_next/static/chunks/0dgtneaoqk~fg.js?dpl=dpl_CkYWF2QnUU6KnycbDt6Xcm7YXTyt:0
[  219492ms] [INFO] [dm-e2ee-lifecycle] hard-reset:local-cleared @ https://chat-bwc1.vercel.app/_next/static/chunks/0dgtneaoqk~fg.js?dpl=dpl_CkYWF2QnUU6KnycbDt6Xcm7YXTyt:0
[  223104ms] [ERROR] Failed to load resource: the server responded with a status of 400 () @ https://chat-bwc1.vercel.app/api/messaging/dm-e2ee/reset-device:0
[  225268ms] [INFO] [dm-e2ee-lifecycle] reinitialize:start {userIdPresent: true} @ https://chat-bwc1.vercel.app/_next/static/chunks/0dgtneaoqk~fg.js?dpl=dpl_CkYWF2QnUU6KnycbDt6Xcm7YXTyt:0
[  225270ms] [INFO] [dm-e2ee-bootstrap-client] ensure:start {allowRepair: true, forcePublish: true, publishAttempt: manual-refresh, userIdPresent: true} @ https://chat-bwc1.vercel.app/_next/static/chunks/0dgtneaoqk~fg.js?dpl=dpl_CkYWF2QnUU6KnycbDt6Xcm7YXTyt:0
[  225274ms] [INFO] [dm-e2ee-bootstrap-client] local-record:loaded {hasServerDeviceRecordId: false, oneTimePrekeyCount: 12, usable: true} @ https://chat-bwc1.vercel.app/_next/static/chunks/0dgtneaoqk~fg.js?dpl=dpl_CkYWF2QnUU6KnycbDt6Xcm7YXTyt:0
[  227109ms] [ERROR] Failed to load resource: the server responded with a status of 400 () @ https://chat-bwc1.vercel.app/api/messaging/dm-e2ee/device:0
[  227110ms] [INFO] [dm-e2ee-bootstrap-client] publish:error {errorCode: dm_e2ee_local_state_incomplete, errorMessage: Unable to refresh encrypted setup on this device., exact400ReasonCode: publish failed, failedValidationBranch: publish failed, exactFailurePoint: retire other devices} @ https://chat-bwc1.vercel.app/_next/static/chunks/0dgtneaoqk~fg.js?dpl=dpl_CkYWF2QnUU6KnycbDt6Xcm7YXTyt:0
[  227110ms] [INFO] [dm-e2ee-bootstrap-client] local-record:repair:start {exact400ReasonCode: publish failed, failedValidationBranch: publish failed, exactFailurePoint: retire other devices, reason: server-reported-local-state-incomplete} @ https://chat-bwc1.vercel.app/_next/static/chunks/0dgtneaoqk~fg.js?dpl=dpl_CkYWF2QnUU6KnycbDt6Xcm7YXTyt:0
[  227111ms] [INFO] [dm-e2ee-bootstrap-client] local-record:repair:retry {exact400ReasonCode: publish failed, failedValidationBranch: failed republish, allowRepair: false, forcePublish: true, publishAttempt: repair-republish} @ https://chat-bwc1.vercel.app/_next/static/chunks/0dgtneaoqk~fg.js?dpl=dpl_CkYWF2QnUU6KnycbDt6Xcm7YXTyt:0
[  227112ms] [INFO] [dm-e2ee-bootstrap-client] ensure:start {allowRepair: false, forcePublish: true, publishAttempt: repair-republish, userIdPresent: true} @ https://chat-bwc1.vercel.app/_next/static/chunks/0dgtneaoqk~fg.js?dpl=dpl_CkYWF2QnUU6KnycbDt6Xcm7YXTyt:0
[  227115ms] [INFO] [dm-e2ee-bootstrap-client] local-record:loaded {hasServerDeviceRecordId: false, oneTimePrekeyCount: 12, usable: true} @ https://chat-bwc1.vercel.app/_next/static/chunks/0dgtneaoqk~fg.js?dpl=dpl_CkYWF2QnUU6KnycbDt6Xcm7YXTyt:0
[  228694ms] [ERROR] Failed to load resource: the server responded with a status of 400 () @ https://chat-bwc1.vercel.app/api/messaging/dm-e2ee/device:0
[  228695ms] [INFO] [dm-e2ee-bootstrap-client] publish:error {errorCode: dm_e2ee_local_state_incomplete, errorMessage: Unable to refresh encrypted setup on this device., exact400ReasonCode: publish failed, failedValidationBranch: failed republish, exactFailurePoint: retire other devices} @ https://chat-bwc1.vercel.app/_next/static/chunks/0dgtneaoqk~fg.js?dpl=dpl_CkYWF2QnUU6KnycbDt6Xcm7YXTyt:0
[  228695ms] [INFO] [dm-e2ee-bootstrap-client] local-record:repair:failed {errorCode: dm_e2ee_local_state_incomplete, errorMessage: Unable to refresh encrypted setup on this device., exact400ReasonCode: publish failed, failedValidationBranch: failed republish, exactFailurePoint: retire other devices} @ https://chat-bwc1.vercel.app/_next/static/chunks/0dgtneaoqk~fg.js?dpl=dpl_CkYWF2QnUU6KnycbDt6Xcm7YXTyt:0
